2020-01-16 20:09:21.838  INFO 1704 --- [restartedMain] com.techieonthenet.BootstrapApp          : Starting BootstrapApp on Shreyanshs-MacBook-Air.local with PID 1704 (/Users/shreyanshverma/Documents/b2b-solution/target/classes started by shreyanshverma in /Users/shreyanshverma/Documents/b2b-solution)
2020-01-16 20:09:21.866  INFO 1704 --- [restartedMain] com.techieonthenet.BootstrapApp          : The following profiles are active: local
2020-01-16 20:09:22.492  INFO 1704 --- [restartedMain] .e.DevToolsPropertyDefaultsPostProcessor : Devtools property defaults active! Set 'spring.devtools.add-properties' to 'false' to disable
2020-01-16 20:09:22.493  INFO 1704 --- [restartedMain] .e.DevToolsPropertyDefaultsPostProcessor : For additional web related logging consider setting the 'logging.level.web' property to 'DEBUG'
2020-01-16 20:09:25.477  INFO 1704 --- [restartedMain] .s.d.r.c.RepositoryConfigurationDelegate : Bootstrapping Spring Data repositories in DEFAULT mode.
2020-01-16 20:09:25.823  INFO 1704 --- [restartedMain] .s.d.r.c.RepositoryConfigurationDelegate : Finished Spring Data repository scanning in 318ms. Found 11 repository interfaces.
2020-01-16 20:09:27.266  INFO 1704 --- [restartedMain] trationDelegate$BeanPostProcessorChecker : Bean 'org.springframework.transaction.annotation.ProxyTransactionManagementConfiguration' of type [org.springframework.transaction.annotation.ProxyTransactionManagementConfiguration$$EnhancerBySpringCGLIB$$a989e25a] is not eligible for getting processed by all BeanPostProcessors (for example: not eligible for auto-proxying)
2020-01-16 20:09:27.323  INFO 1704 --- [restartedMain] trationDelegate$BeanPostProcessorChecker : Bean 'org.springframework.hateoas.config.HateoasConfiguration' of type [org.springframework.hateoas.config.HateoasConfiguration$$EnhancerBySpringCGLIB$$290a2f8c] is not eligible for getting processed by all BeanPostProcessors (for example: not eligible for auto-proxying)
2020-01-16 20:09:28.607  INFO 1704 --- [restartedMain] o.s.b.w.embedded.tomcat.TomcatWebServer  : Tomcat initialized with port(s): 8080 (http)
2020-01-16 20:09:28.720  INFO 1704 --- [restartedMain] o.apache.catalina.core.StandardService   : Starting service [Tomcat]
2020-01-16 20:09:28.720  INFO 1704 --- [restartedMain] org.apache.catalina.core.StandardEngine  : Starting Servlet engine: [Apache Tomcat/9.0.24]
2020-01-16 20:09:29.056  INFO 1704 --- [restartedMain] o.a.c.c.C.[Tomcat].[localhost].[/]       : Initializing Spring embedded WebApplicationContext
2020-01-16 20:09:29.058  INFO 1704 --- [restartedMain] o.s.web.context.ContextLoader            : Root WebApplicationContext: initialization completed in 6564 ms
2020-01-16 20:09:29.793  INFO 1704 --- [restartedMain] o.f.c.internal.license.VersionPrinter    : Flyway Community Edition 5.2.4 by Boxfuse
2020-01-16 20:09:29.829  INFO 1704 --- [restartedMain] com.zaxxer.hikari.HikariDataSource       : HikariPool-1 - Starting...
2020-01-16 20:09:30.140  INFO 1704 --- [restartedMain] com.zaxxer.hikari.HikariDataSource       : HikariPool-1 - Start completed.
2020-01-16 20:09:30.152  INFO 1704 --- [restartedMain] o.f.c.internal.database.DatabaseFactory  : Database: jdbc:postgresql://localhost:5433/b2b (PostgreSQL 11.4)
2020-01-16 20:09:30.174  WARN 1704 --- [restartedMain] o.f.c.internal.database.base.Database    : Flyway upgrade recommended: PostgreSQL 11.4 is newer than this version of Flyway and support has not been tested.
2020-01-16 20:09:30.463  INFO 1704 --- [restartedMain] o.f.core.internal.command.DbValidate     : Successfully validated 11 migrations (execution time 00:00.169s)
2020-01-16 20:09:30.487  INFO 1704 --- [restartedMain] o.f.core.internal.command.DbMigrate      : Current version of schema "public": 2
2020-01-16 20:09:30.500  INFO 1704 --- [restartedMain] o.f.core.internal.command.DbMigrate      : Schema "public" is up to date. No migration necessary.
2020-01-16 20:09:31.018  INFO 1704 --- [restartedMain] o.hibernate.jpa.internal.util.LogHelper  : HHH000204: Processing PersistenceUnitInfo [
	name: default
	...]
2020-01-16 20:09:31.353  INFO 1704 --- [restartedMain] org.hibernate.Version                    : HHH000412: Hibernate Core {5.3.11.Final}
2020-01-16 20:09:31.360  INFO 1704 --- [restartedMain] org.hibernate.cfg.Environment            : HHH000206: hibernate.properties not found
2020-01-16 20:09:32.084  INFO 1704 --- [restartedMain] o.hibernate.annotations.common.Version   : HCANN000001: Hibernate Commons Annotations {5.0.4.Final}
2020-01-16 20:09:32.604  INFO 1704 --- [restartedMain] org.hibernate.dialect.Dialect            : HHH000400: Using dialect: org.hibernate.dialect.PostgreSQLDialect
2020-01-16 20:09:32.857  INFO 1704 --- [restartedMain] o.h.e.j.e.i.LobCreatorBuilderImpl        : HHH000421: Disabling contextual LOB creation as hibernate.jdbc.lob.non_contextual_creation is true
2020-01-16 20:09:32.880  INFO 1704 --- [restartedMain] org.hibernate.type.BasicTypeRegistry     : HHH000270: Type registration [java.util.UUID] overrides previous : org.hibernate.type.UUIDBinaryType@1b63f4c1
2020-01-16 20:09:35.722  INFO 1704 --- [restartedMain] j.LocalContainerEntityManagerFactoryBean : Initialized JPA EntityManagerFactory for persistence unit 'default'
2020-01-16 20:09:35.767  INFO 1704 --- [restartedMain] o.s.b.d.a.OptionalLiveReloadServer       : LiveReload server is running on port 35729
2020-01-16 20:09:38.300  INFO 1704 --- [restartedMain] o.h.h.i.QueryTranslatorFactoryInitiator  : HHH000397: Using ASTQueryTranslatorFactory
2020-01-16 20:09:38.650 DEBUG 1704 --- [restartedMain] org.hibernate.SQL                        : select privilege0_.id as id1_1_, privilege0_.created_at as created_2_1_, privilege0_.updated_at as updated_3_1_, privilege0_.name as name4_1_ from app_privileges privilege0_ where privilege0_.name=?
2020-01-16 20:09:38.657 TRACE 1704 --- [restartedMain] o.h.type.descriptor.sql.BasicBinder      : binding parameter [1] as [VARCHAR] - [PRIV_VIEW_PRODUCT]
2020-01-16 20:09:38.721 DEBUG 1704 --- [restartedMain] org.hibernate.SQL                        : select roles0_.priv_id as priv_id2_11_0_, roles0_.role_id as role_id1_11_0_, role1_.id as id1_2_1_, role1_.created_at as created_2_2_1_, role1_.updated_at as updated_3_2_1_, role1_.name as name4_2_1_ from roles_privileges roles0_ inner join app_roles role1_ on roles0_.role_id=role1_.id where roles0_.priv_id=?
2020-01-16 20:09:38.722 TRACE 1704 --- [restartedMain] o.h.type.descriptor.sql.BasicBinder      : binding parameter [1] as [BIGINT] - [1]
2020-01-16 20:09:38.759 DEBUG 1704 --- [restartedMain] org.hibernate.SQL                        : select privileges0_.role_id as role_id1_11_0_, privileges0_.priv_id as priv_id2_11_0_, privilege1_.id as id1_1_1_, privilege1_.created_at as created_2_1_1_, privilege1_.updated_at as updated_3_1_1_, privilege1_.name as name4_1_1_ from roles_privileges privileges0_ inner join app_privileges privilege1_ on privileges0_.priv_id=privilege1_.id where privileges0_.role_id=?
2020-01-16 20:09:38.760 TRACE 1704 --- [restartedMain] o.h.type.descriptor.sql.BasicBinder      : binding parameter [1] as [BIGINT] - [3]
2020-01-16 20:09:38.762 DEBUG 1704 --- [restartedMain] org.hibernate.SQL                        : select roles0_.priv_id as priv_id2_11_0_, roles0_.role_id as role_id1_11_0_, role1_.id as id1_2_1_, role1_.created_at as created_2_2_1_, role1_.updated_at as updated_3_2_1_, role1_.name as name4_2_1_ from roles_privileges roles0_ inner join app_roles role1_ on roles0_.role_id=role1_.id where roles0_.priv_id=?
2020-01-16 20:09:38.765 TRACE 1704 --- [restartedMain] o.h.type.descriptor.sql.BasicBinder      : binding parameter [1] as [BIGINT] - [3]
2020-01-16 20:09:38.767 DEBUG 1704 --- [restartedMain] org.hibernate.SQL                        : select roles0_.priv_id as priv_id2_11_0_, roles0_.role_id as role_id1_11_0_, role1_.id as id1_2_1_, role1_.created_at as created_2_2_1_, role1_.updated_at as updated_3_2_1_, role1_.name as name4_2_1_ from roles_privileges roles0_ inner join app_roles role1_ on roles0_.role_id=role1_.id where roles0_.priv_id=?
2020-01-16 20:09:38.768 TRACE 1704 --- [restartedMain] o.h.type.descriptor.sql.BasicBinder      : binding parameter [1] as [BIGINT] - [2]
2020-01-16 20:09:38.770 DEBUG 1704 --- [restartedMain] org.hibernate.SQL                        : select privileges0_.role_id as role_id1_11_0_, privileges0_.priv_id as priv_id2_11_0_, privilege1_.id as id1_1_1_, privilege1_.created_at as created_2_1_1_, privilege1_.updated_at as updated_3_1_1_, privilege1_.name as name4_1_1_ from roles_privileges privileges0_ inner join app_privileges privilege1_ on privileges0_.priv_id=privilege1_.id where privileges0_.role_id=?
2020-01-16 20:09:38.770 TRACE 1704 --- [restartedMain] o.h.type.descriptor.sql.BasicBinder      : binding parameter [1] as [BIGINT] - [2]
2020-01-16 20:09:38.772 DEBUG 1704 --- [restartedMain] org.hibernate.SQL                        : select privileges0_.role_id as role_id1_11_0_, privileges0_.priv_id as priv_id2_11_0_, privilege1_.id as id1_1_1_, privilege1_.created_at as created_2_1_1_, privilege1_.updated_at as updated_3_1_1_, privilege1_.name as name4_1_1_ from roles_privileges privileges0_ inner join app_privileges privilege1_ on privileges0_.priv_id=privilege1_.id where privileges0_.role_id=?
2020-01-16 20:09:38.773 TRACE 1704 --- [restartedMain] o.h.type.descriptor.sql.BasicBinder      : binding parameter [1] as [BIGINT] - [1]
2020-01-16 20:09:38.783 DEBUG 1704 --- [restartedMain] org.hibernate.SQL                        : select role0_.id as id1_2_, role0_.created_at as created_2_2_, role0_.updated_at as updated_3_2_, role0_.name as name4_2_ from app_roles role0_ where role0_.name=?
2020-01-16 20:09:38.784 TRACE 1704 --- [restartedMain] o.h.type.descriptor.sql.BasicBinder      : binding parameter [1] as [VARCHAR] - [USER]
2020-01-16 20:09:38.786 DEBUG 1704 --- [restartedMain] org.hibernate.SQL                        : select privileges0_.role_id as role_id1_11_0_, privileges0_.priv_id as priv_id2_11_0_, privilege1_.id as id1_1_1_, privilege1_.created_at as created_2_1_1_, privilege1_.updated_at as updated_3_1_1_, privilege1_.name as name4_1_1_ from roles_privileges privileges0_ inner join app_privileges privilege1_ on privileges0_.priv_id=privilege1_.id where privileges0_.role_id=?
2020-01-16 20:09:38.786 TRACE 1704 --- [restartedMain] o.h.type.descriptor.sql.BasicBinder      : binding parameter [1] as [BIGINT] - [1]
2020-01-16 20:09:38.788 DEBUG 1704 --- [restartedMain] org.hibernate.SQL                        : select roles0_.priv_id as priv_id2_11_0_, roles0_.role_id as role_id1_11_0_, role1_.id as id1_2_1_, role1_.created_at as created_2_2_1_, role1_.updated_at as updated_3_2_1_, role1_.name as name4_2_1_ from roles_privileges roles0_ inner join app_roles role1_ on roles0_.role_id=role1_.id where roles0_.priv_id=?
2020-01-16 20:09:38.789 TRACE 1704 --- [restartedMain] o.h.type.descriptor.sql.BasicBinder      : binding parameter [1] as [BIGINT] - [1]
2020-01-16 20:09:38.791 DEBUG 1704 --- [restartedMain] org.hibernate.SQL                        : select privileges0_.role_id as role_id1_11_0_, privileges0_.priv_id as priv_id2_11_0_, privilege1_.id as id1_1_1_, privilege1_.created_at as created_2_1_1_, privilege1_.updated_at as updated_3_1_1_, privilege1_.name as name4_1_1_ from roles_privileges privileges0_ inner join app_privileges privilege1_ on privileges0_.priv_id=privilege1_.id where privileges0_.role_id=?
2020-01-16 20:09:38.792 TRACE 1704 --- [restartedMain] o.h.type.descriptor.sql.BasicBinder      : binding parameter [1] as [BIGINT] - [3]
2020-01-16 20:09:38.794 DEBUG 1704 --- [restartedMain] org.hibernate.SQL                        : select roles0_.priv_id as priv_id2_11_0_, roles0_.role_id as role_id1_11_0_, role1_.id as id1_2_1_, role1_.created_at as created_2_2_1_, role1_.updated_at as updated_3_2_1_, role1_.name as name4_2_1_ from roles_privileges roles0_ inner join app_roles role1_ on roles0_.role_id=role1_.id where roles0_.priv_id=?
2020-01-16 20:09:38.795 TRACE 1704 --- [restartedMain] o.h.type.descriptor.sql.BasicBinder      : binding parameter [1] as [BIGINT] - [3]
2020-01-16 20:09:38.797 DEBUG 1704 --- [restartedMain] org.hibernate.SQL                        : select roles0_.priv_id as priv_id2_11_0_, roles0_.role_id as role_id1_11_0_, role1_.id as id1_2_1_, role1_.created_at as created_2_2_1_, role1_.updated_at as updated_3_2_1_, role1_.name as name4_2_1_ from roles_privileges roles0_ inner join app_roles role1_ on roles0_.role_id=role1_.id where roles0_.priv_id=?
2020-01-16 20:09:38.797 TRACE 1704 --- [restartedMain] o.h.type.descriptor.sql.BasicBinder      : binding parameter [1] as [BIGINT] - [2]
2020-01-16 20:09:38.799 DEBUG 1704 --- [restartedMain] org.hibernate.SQL                        : select privileges0_.role_id as role_id1_11_0_, privileges0_.priv_id as priv_id2_11_0_, privilege1_.id as id1_1_1_, privilege1_.created_at as created_2_1_1_, privilege1_.updated_at as updated_3_1_1_, privilege1_.name as name4_1_1_ from roles_privileges privileges0_ inner join app_privileges privilege1_ on privileges0_.priv_id=privilege1_.id where privileges0_.role_id=?
2020-01-16 20:09:38.799 TRACE 1704 --- [restartedMain] o.h.type.descriptor.sql.BasicBinder      : binding parameter [1] as [BIGINT] - [2]
2020-01-16 20:09:38.801  INFO 1704 --- [restartedMain] c.t.service.impl.RoleServiceImpl         : Creating Role
2020-01-16 20:09:38.802  INFO 1704 --- [restartedMain] c.t.service.impl.RoleServiceImpl         : Role with name USER already exist. Nothing will be done. 
2020-01-16 20:09:38.803 DEBUG 1704 --- [restartedMain] org.hibernate.SQL                        : select privilege0_.id as id1_1_, privilege0_.created_at as created_2_1_, privilege0_.updated_at as updated_3_1_, privilege0_.name as name4_1_ from app_privileges privilege0_ where privilege0_.name=?
2020-01-16 20:09:38.804 TRACE 1704 --- [restartedMain] o.h.type.descriptor.sql.BasicBinder      : binding parameter [1] as [VARCHAR] - [PRIV_APPROVERS]
2020-01-16 20:09:38.806 DEBUG 1704 --- [restartedMain] org.hibernate.SQL                        : select roles0_.priv_id as priv_id2_11_0_, roles0_.role_id as role_id1_11_0_, role1_.id as id1_2_1_, role1_.created_at as created_2_2_1_, role1_.updated_at as updated_3_2_1_, role1_.name as name4_2_1_ from roles_privileges roles0_ inner join app_roles role1_ on roles0_.role_id=role1_.id where roles0_.priv_id=?
2020-01-16 20:09:38.806 TRACE 1704 --- [restartedMain] o.h.type.descriptor.sql.BasicBinder      : binding parameter [1] as [BIGINT] - [3]
2020-01-16 20:09:38.810 DEBUG 1704 --- [restartedMain] org.hibernate.SQL                        : select privileges0_.role_id as role_id1_11_0_, privileges0_.priv_id as priv_id2_11_0_, privilege1_.id as id1_1_1_, privilege1_.created_at as created_2_1_1_, privilege1_.updated_at as updated_3_1_1_, privilege1_.name as name4_1_1_ from roles_privileges privileges0_ inner join app_privileges privilege1_ on privileges0_.priv_id=privilege1_.id where privileges0_.role_id=?
2020-01-16 20:09:38.811 TRACE 1704 --- [restartedMain] o.h.type.descriptor.sql.BasicBinder      : binding parameter [1] as [BIGINT] - [3]
2020-01-16 20:09:38.813 DEBUG 1704 --- [restartedMain] org.hibernate.SQL                        : select roles0_.priv_id as priv_id2_11_0_, roles0_.role_id as role_id1_11_0_, role1_.id as id1_2_1_, role1_.created_at as created_2_2_1_, role1_.updated_at as updated_3_2_1_, role1_.name as name4_2_1_ from roles_privileges roles0_ inner join app_roles role1_ on roles0_.role_id=role1_.id where roles0_.priv_id=?
2020-01-16 20:09:38.814 TRACE 1704 --- [restartedMain] o.h.type.descriptor.sql.BasicBinder      : binding parameter [1] as [BIGINT] - [2]
2020-01-16 20:09:38.815 DEBUG 1704 --- [restartedMain] org.hibernate.SQL                        : select roles0_.priv_id as priv_id2_11_0_, roles0_.role_id as role_id1_11_0_, role1_.id as id1_2_1_, role1_.created_at as created_2_2_1_, role1_.updated_at as updated_3_2_1_, role1_.name as name4_2_1_ from roles_privileges roles0_ inner join app_roles role1_ on roles0_.role_id=role1_.id where roles0_.priv_id=?
2020-01-16 20:09:38.816 TRACE 1704 --- [restartedMain] o.h.type.descriptor.sql.BasicBinder      : binding parameter [1] as [BIGINT] - [1]
2020-01-16 20:09:38.818 DEBUG 1704 --- [restartedMain] org.hibernate.SQL                        : select privileges0_.role_id as role_id1_11_0_, privileges0_.priv_id as priv_id2_11_0_, privilege1_.id as id1_1_1_, privilege1_.created_at as created_2_1_1_, privilege1_.updated_at as updated_3_1_1_, privilege1_.name as name4_1_1_ from roles_privileges privileges0_ inner join app_privileges privilege1_ on privileges0_.priv_id=privilege1_.id where privileges0_.role_id=?
2020-01-16 20:09:38.819 TRACE 1704 --- [restartedMain] o.h.type.descriptor.sql.BasicBinder      : binding parameter [1] as [BIGINT] - [1]
2020-01-16 20:09:38.820 DEBUG 1704 --- [restartedMain] org.hibernate.SQL                        : select privileges0_.role_id as role_id1_11_0_, privileges0_.priv_id as priv_id2_11_0_, privilege1_.id as id1_1_1_, privilege1_.created_at as created_2_1_1_, privilege1_.updated_at as updated_3_1_1_, privilege1_.name as name4_1_1_ from roles_privileges privileges0_ inner join app_privileges privilege1_ on privileges0_.priv_id=privilege1_.id where privileges0_.role_id=?
2020-01-16 20:09:38.821 TRACE 1704 --- [restartedMain] o.h.type.descriptor.sql.BasicBinder      : binding parameter [1] as [BIGINT] - [2]
2020-01-16 20:09:38.824 DEBUG 1704 --- [restartedMain] org.hibernate.SQL                        : select privilege0_.id as id1_1_, privilege0_.created_at as created_2_1_, privilege0_.updated_at as updated_3_1_, privilege0_.name as name4_1_ from app_privileges privilege0_ where privilege0_.name=?
2020-01-16 20:09:38.824 TRACE 1704 --- [restartedMain] o.h.type.descriptor.sql.BasicBinder      : binding parameter [1] as [VARCHAR] - [PRIV_VIEW_PRODUCT]
2020-01-16 20:09:38.826 DEBUG 1704 --- [restartedMain] org.hibernate.SQL                        : select roles0_.priv_id as priv_id2_11_0_, roles0_.role_id as role_id1_11_0_, role1_.id as id1_2_1_, role1_.created_at as created_2_2_1_, role1_.updated_at as updated_3_2_1_, role1_.name as name4_2_1_ from roles_privileges roles0_ inner join app_roles role1_ on roles0_.role_id=role1_.id where roles0_.priv_id=?
2020-01-16 20:09:38.827 TRACE 1704 --- [restartedMain] o.h.type.descriptor.sql.BasicBinder      : binding parameter [1] as [BIGINT] - [1]
2020-01-16 20:09:38.830 DEBUG 1704 --- [restartedMain] org.hibernate.SQL                        : select privileges0_.role_id as role_id1_11_0_, privileges0_.priv_id as priv_id2_11_0_, privilege1_.id as id1_1_1_, privilege1_.created_at as created_2_1_1_, privilege1_.updated_at as updated_3_1_1_, privilege1_.name as name4_1_1_ from roles_privileges privileges0_ inner join app_privileges privilege1_ on privileges0_.priv_id=privilege1_.id where privileges0_.role_id=?
2020-01-16 20:09:38.831 TRACE 1704 --- [restartedMain] o.h.type.descriptor.sql.BasicBinder      : binding parameter [1] as [BIGINT] - [3]
2020-01-16 20:09:38.833 DEBUG 1704 --- [restartedMain] org.hibernate.SQL                        : select roles0_.priv_id as priv_id2_11_0_, roles0_.role_id as role_id1_11_0_, role1_.id as id1_2_1_, role1_.created_at as created_2_2_1_, role1_.updated_at as updated_3_2_1_, role1_.name as name4_2_1_ from roles_privileges roles0_ inner join app_roles role1_ on roles0_.role_id=role1_.id where roles0_.priv_id=?
2020-01-16 20:09:38.833 TRACE 1704 --- [restartedMain] o.h.type.descriptor.sql.BasicBinder      : binding parameter [1] as [BIGINT] - [3]
2020-01-16 20:09:38.835 DEBUG 1704 --- [restartedMain] org.hibernate.SQL                        : select roles0_.priv_id as priv_id2_11_0_, roles0_.role_id as role_id1_11_0_, role1_.id as id1_2_1_, role1_.created_at as created_2_2_1_, role1_.updated_at as updated_3_2_1_, role1_.name as name4_2_1_ from roles_privileges roles0_ inner join app_roles role1_ on roles0_.role_id=role1_.id where roles0_.priv_id=?
2020-01-16 20:09:38.836 TRACE 1704 --- [restartedMain] o.h.type.descriptor.sql.BasicBinder      : binding parameter [1] as [BIGINT] - [2]
2020-01-16 20:09:38.843 DEBUG 1704 --- [restartedMain] org.hibernate.SQL                        : select privileges0_.role_id as role_id1_11_0_, privileges0_.priv_id as priv_id2_11_0_, privilege1_.id as id1_1_1_, privilege1_.created_at as created_2_1_1_, privilege1_.updated_at as updated_3_1_1_, privilege1_.name as name4_1_1_ from roles_privileges privileges0_ inner join app_privileges privilege1_ on privileges0_.priv_id=privilege1_.id where privileges0_.role_id=?
2020-01-16 20:09:38.844 TRACE 1704 --- [restartedMain] o.h.type.descriptor.sql.BasicBinder      : binding parameter [1] as [BIGINT] - [2]
2020-01-16 20:09:38.846 DEBUG 1704 --- [restartedMain] org.hibernate.SQL                        : select privileges0_.role_id as role_id1_11_0_, privileges0_.priv_id as priv_id2_11_0_, privilege1_.id as id1_1_1_, privilege1_.created_at as created_2_1_1_, privilege1_.updated_at as updated_3_1_1_, privilege1_.name as name4_1_1_ from roles_privileges privileges0_ inner join app_privileges privilege1_ on privileges0_.priv_id=privilege1_.id where privileges0_.role_id=?
2020-01-16 20:09:38.847 TRACE 1704 --- [restartedMain] o.h.type.descriptor.sql.BasicBinder      : binding parameter [1] as [BIGINT] - [1]
2020-01-16 20:09:38.852 DEBUG 1704 --- [restartedMain] org.hibernate.SQL                        : select role0_.id as id1_2_, role0_.created_at as created_2_2_, role0_.updated_at as updated_3_2_, role0_.name as name4_2_ from app_roles role0_ where role0_.name=?
2020-01-16 20:09:38.853 TRACE 1704 --- [restartedMain] o.h.type.descriptor.sql.BasicBinder      : binding parameter [1] as [VARCHAR] - [GROUP_ADMIN]
2020-01-16 20:09:38.859 DEBUG 1704 --- [restartedMain] org.hibernate.SQL                        : select privileges0_.role_id as role_id1_11_0_, privileges0_.priv_id as priv_id2_11_0_, privilege1_.id as id1_1_1_, privilege1_.created_at as created_2_1_1_, privilege1_.updated_at as updated_3_1_1_, privilege1_.name as name4_1_1_ from roles_privileges privileges0_ inner join app_privileges privilege1_ on privileges0_.priv_id=privilege1_.id where privileges0_.role_id=?
2020-01-16 20:09:38.859 TRACE 1704 --- [restartedMain] o.h.type.descriptor.sql.BasicBinder      : binding parameter [1] as [BIGINT] - [2]
2020-01-16 20:09:38.867 DEBUG 1704 --- [restartedMain] org.hibernate.SQL                        : select roles0_.priv_id as priv_id2_11_0_, roles0_.role_id as role_id1_11_0_, role1_.id as id1_2_1_, role1_.created_at as created_2_2_1_, role1_.updated_at as updated_3_2_1_, role1_.name as name4_2_1_ from roles_privileges roles0_ inner join app_roles role1_ on roles0_.role_id=role1_.id where roles0_.priv_id=?
2020-01-16 20:09:38.868 TRACE 1704 --- [restartedMain] o.h.type.descriptor.sql.BasicBinder      : binding parameter [1] as [BIGINT] - [3]
2020-01-16 20:09:38.874 DEBUG 1704 --- [restartedMain] org.hibernate.SQL                        : select privileges0_.role_id as role_id1_11_0_, privileges0_.priv_id as priv_id2_11_0_, privilege1_.id as id1_1_1_, privilege1_.created_at as created_2_1_1_, privilege1_.updated_at as updated_3_1_1_, privilege1_.name as name4_1_1_ from roles_privileges privileges0_ inner join app_privileges privilege1_ on privileges0_.priv_id=privilege1_.id where privileges0_.role_id=?
2020-01-16 20:09:38.875 TRACE 1704 --- [restartedMain] o.h.type.descriptor.sql.BasicBinder      : binding parameter [1] as [BIGINT] - [3]
2020-01-16 20:09:38.878 DEBUG 1704 --- [restartedMain] org.hibernate.SQL                        : select roles0_.priv_id as priv_id2_11_0_, roles0_.role_id as role_id1_11_0_, role1_.id as id1_2_1_, role1_.created_at as created_2_2_1_, role1_.updated_at as updated_3_2_1_, role1_.name as name4_2_1_ from roles_privileges roles0_ inner join app_roles role1_ on roles0_.role_id=role1_.id where roles0_.priv_id=?
2020-01-16 20:09:38.879 TRACE 1704 --- [restartedMain] o.h.type.descriptor.sql.BasicBinder      : binding parameter [1] as [BIGINT] - [2]
2020-01-16 20:09:38.880 DEBUG 1704 --- [restartedMain] org.hibernate.SQL                        : select roles0_.priv_id as priv_id2_11_0_, roles0_.role_id as role_id1_11_0_, role1_.id as id1_2_1_, role1_.created_at as created_2_2_1_, role1_.updated_at as updated_3_2_1_, role1_.name as name4_2_1_ from roles_privileges roles0_ inner join app_roles role1_ on roles0_.role_id=role1_.id where roles0_.priv_id=?
2020-01-16 20:09:38.881 TRACE 1704 --- [restartedMain] o.h.type.descriptor.sql.BasicBinder      : binding parameter [1] as [BIGINT] - [1]
2020-01-16 20:09:38.885 DEBUG 1704 --- [restartedMain] org.hibernate.SQL                        : select privileges0_.role_id as role_id1_11_0_, privileges0_.priv_id as priv_id2_11_0_, privilege1_.id as id1_1_1_, privilege1_.created_at as created_2_1_1_, privilege1_.updated_at as updated_3_1_1_, privilege1_.name as name4_1_1_ from roles_privileges privileges0_ inner join app_privileges privilege1_ on privileges0_.priv_id=privilege1_.id where privileges0_.role_id=?
2020-01-16 20:09:38.885 TRACE 1704 --- [restartedMain] o.h.type.descriptor.sql.BasicBinder      : binding parameter [1] as [BIGINT] - [1]
2020-01-16 20:09:38.887  INFO 1704 --- [restartedMain] c.t.service.impl.RoleServiceImpl         : Creating Role
2020-01-16 20:09:38.887  INFO 1704 --- [restartedMain] c.t.service.impl.RoleServiceImpl         : Role with name GROUP_ADMIN already exist. Nothing will be done. 
2020-01-16 20:09:38.888 DEBUG 1704 --- [restartedMain] org.hibernate.SQL                        : select privilege0_.id as id1_1_, privilege0_.created_at as created_2_1_, privilege0_.updated_at as updated_3_1_, privilege0_.name as name4_1_ from app_privileges privilege0_ where privilege0_.name=?
2020-01-16 20:09:38.889 TRACE 1704 --- [restartedMain] o.h.type.descriptor.sql.BasicBinder      : binding parameter [1] as [VARCHAR] - [PRIV_APPROVERS]
2020-01-16 20:09:38.891 DEBUG 1704 --- [restartedMain] org.hibernate.SQL                        : select roles0_.priv_id as priv_id2_11_0_, roles0_.role_id as role_id1_11_0_, role1_.id as id1_2_1_, role1_.created_at as created_2_2_1_, role1_.updated_at as updated_3_2_1_, role1_.name as name4_2_1_ from roles_privileges roles0_ inner join app_roles role1_ on roles0_.role_id=role1_.id where roles0_.priv_id=?
2020-01-16 20:09:38.892 TRACE 1704 --- [restartedMain] o.h.type.descriptor.sql.BasicBinder      : binding parameter [1] as [BIGINT] - [3]
2020-01-16 20:09:38.894 DEBUG 1704 --- [restartedMain] org.hibernate.SQL                        : select privileges0_.role_id as role_id1_11_0_, privileges0_.priv_id as priv_id2_11_0_, privilege1_.id as id1_1_1_, privilege1_.created_at as created_2_1_1_, privilege1_.updated_at as updated_3_1_1_, privilege1_.name as name4_1_1_ from roles_privileges privileges0_ inner join app_privileges privilege1_ on privileges0_.priv_id=privilege1_.id where privileges0_.role_id=?
2020-01-16 20:09:38.895 TRACE 1704 --- [restartedMain] o.h.type.descriptor.sql.BasicBinder      : binding parameter [1] as [BIGINT] - [3]
2020-01-16 20:09:38.897 DEBUG 1704 --- [restartedMain] org.hibernate.SQL                        : select roles0_.priv_id as priv_id2_11_0_, roles0_.role_id as role_id1_11_0_, role1_.id as id1_2_1_, role1_.created_at as created_2_2_1_, role1_.updated_at as updated_3_2_1_, role1_.name as name4_2_1_ from roles_privileges roles0_ inner join app_roles role1_ on roles0_.role_id=role1_.id where roles0_.priv_id=?
2020-01-16 20:09:38.898 TRACE 1704 --- [restartedMain] o.h.type.descriptor.sql.BasicBinder      : binding parameter [1] as [BIGINT] - [2]
2020-01-16 20:09:38.899 DEBUG 1704 --- [restartedMain] org.hibernate.SQL                        : select roles0_.priv_id as priv_id2_11_0_, roles0_.role_id as role_id1_11_0_, role1_.id as id1_2_1_, role1_.created_at as created_2_2_1_, role1_.updated_at as updated_3_2_1_, role1_.name as name4_2_1_ from roles_privileges roles0_ inner join app_roles role1_ on roles0_.role_id=role1_.id where roles0_.priv_id=?
2020-01-16 20:09:38.900 TRACE 1704 --- [restartedMain] o.h.type.descriptor.sql.BasicBinder      : binding parameter [1] as [BIGINT] - [1]
2020-01-16 20:09:38.902 DEBUG 1704 --- [restartedMain] org.hibernate.SQL                        : select privileges0_.role_id as role_id1_11_0_, privileges0_.priv_id as priv_id2_11_0_, privilege1_.id as id1_1_1_, privilege1_.created_at as created_2_1_1_, privilege1_.updated_at as updated_3_1_1_, privilege1_.name as name4_1_1_ from roles_privileges privileges0_ inner join app_privileges privilege1_ on privileges0_.priv_id=privilege1_.id where privileges0_.role_id=?
2020-01-16 20:09:38.902 TRACE 1704 --- [restartedMain] o.h.type.descriptor.sql.BasicBinder      : binding parameter [1] as [BIGINT] - [1]
2020-01-16 20:09:38.904 DEBUG 1704 --- [restartedMain] org.hibernate.SQL                        : select privileges0_.role_id as role_id1_11_0_, privileges0_.priv_id as priv_id2_11_0_, privilege1_.id as id1_1_1_, privilege1_.created_at as created_2_1_1_, privilege1_.updated_at as updated_3_1_1_, privilege1_.name as name4_1_1_ from roles_privileges privileges0_ inner join app_privileges privilege1_ on privileges0_.priv_id=privilege1_.id where privileges0_.role_id=?
2020-01-16 20:09:38.904 TRACE 1704 --- [restartedMain] o.h.type.descriptor.sql.BasicBinder      : binding parameter [1] as [BIGINT] - [2]
2020-01-16 20:09:38.907 DEBUG 1704 --- [restartedMain] org.hibernate.SQL                        : select privilege0_.id as id1_1_, privilege0_.created_at as created_2_1_, privilege0_.updated_at as updated_3_1_, privilege0_.name as name4_1_ from app_privileges privilege0_ where privilege0_.name=?
2020-01-16 20:09:38.908 TRACE 1704 --- [restartedMain] o.h.type.descriptor.sql.BasicBinder      : binding parameter [1] as [VARCHAR] - [PRIV_ADMIN_CAP]
2020-01-16 20:09:38.910 DEBUG 1704 --- [restartedMain] org.hibernate.SQL                        : select roles0_.priv_id as priv_id2_11_0_, roles0_.role_id as role_id1_11_0_, role1_.id as id1_2_1_, role1_.created_at as created_2_2_1_, role1_.updated_at as updated_3_2_1_, role1_.name as name4_2_1_ from roles_privileges roles0_ inner join app_roles role1_ on roles0_.role_id=role1_.id where roles0_.priv_id=?
2020-01-16 20:09:38.911 TRACE 1704 --- [restartedMain] o.h.type.descriptor.sql.BasicBinder      : binding parameter [1] as [BIGINT] - [2]
2020-01-16 20:09:38.912 DEBUG 1704 --- [restartedMain] org.hibernate.SQL                        : select privileges0_.role_id as role_id1_11_0_, privileges0_.priv_id as priv_id2_11_0_, privilege1_.id as id1_1_1_, privilege1_.created_at as created_2_1_1_, privilege1_.updated_at as updated_3_1_1_, privilege1_.name as name4_1_1_ from roles_privileges privileges0_ inner join app_privileges privilege1_ on privileges0_.priv_id=privilege1_.id where privileges0_.role_id=?
2020-01-16 20:09:38.913 TRACE 1704 --- [restartedMain] o.h.type.descriptor.sql.BasicBinder      : binding parameter [1] as [BIGINT] - [3]
2020-01-16 20:09:38.915 DEBUG 1704 --- [restartedMain] org.hibernate.SQL                        : select roles0_.priv_id as priv_id2_11_0_, roles0_.role_id as role_id1_11_0_, role1_.id as id1_2_1_, role1_.created_at as created_2_2_1_, role1_.updated_at as updated_3_2_1_, role1_.name as name4_2_1_ from roles_privileges roles0_ inner join app_roles role1_ on roles0_.role_id=role1_.id where roles0_.priv_id=?
2020-01-16 20:09:38.916 TRACE 1704 --- [restartedMain] o.h.type.descriptor.sql.BasicBinder      : binding parameter [1] as [BIGINT] - [3]
2020-01-16 20:09:38.918 DEBUG 1704 --- [restartedMain] org.hibernate.SQL                        : select privileges0_.role_id as role_id1_11_0_, privileges0_.priv_id as priv_id2_11_0_, privilege1_.id as id1_1_1_, privilege1_.created_at as created_2_1_1_, privilege1_.updated_at as updated_3_1_1_, privilege1_.name as name4_1_1_ from roles_privileges privileges0_ inner join app_privileges privilege1_ on privileges0_.priv_id=privilege1_.id where privileges0_.role_id=?
2020-01-16 20:09:38.918 TRACE 1704 --- [restartedMain] o.h.type.descriptor.sql.BasicBinder      : binding parameter [1] as [BIGINT] - [2]
2020-01-16 20:09:38.920 DEBUG 1704 --- [restartedMain] org.hibernate.SQL                        : select roles0_.priv_id as priv_id2_11_0_, roles0_.role_id as role_id1_11_0_, role1_.id as id1_2_1_, role1_.created_at as created_2_2_1_, role1_.updated_at as updated_3_2_1_, role1_.name as name4_2_1_ from roles_privileges roles0_ inner join app_roles role1_ on roles0_.role_id=role1_.id where roles0_.priv_id=?
2020-01-16 20:09:38.920 TRACE 1704 --- [restartedMain] o.h.type.descriptor.sql.BasicBinder      : binding parameter [1] as [BIGINT] - [1]
2020-01-16 20:09:38.922 DEBUG 1704 --- [restartedMain] org.hibernate.SQL                        : select privileges0_.role_id as role_id1_11_0_, privileges0_.priv_id as priv_id2_11_0_, privilege1_.id as id1_1_1_, privilege1_.created_at as created_2_1_1_, privilege1_.updated_at as updated_3_1_1_, privilege1_.name as name4_1_1_ from roles_privileges privileges0_ inner join app_privileges privilege1_ on privileges0_.priv_id=privilege1_.id where privileges0_.role_id=?
2020-01-16 20:09:38.923 TRACE 1704 --- [restartedMain] o.h.type.descriptor.sql.BasicBinder      : binding parameter [1] as [BIGINT] - [1]
2020-01-16 20:09:38.925 DEBUG 1704 --- [restartedMain] org.hibernate.SQL                        : select role0_.id as id1_2_, role0_.created_at as created_2_2_, role0_.updated_at as updated_3_2_, role0_.name as name4_2_ from app_roles role0_ where role0_.name=?
2020-01-16 20:09:38.926 TRACE 1704 --- [restartedMain] o.h.type.descriptor.sql.BasicBinder      : binding parameter [1] as [VARCHAR] - [SUPER_ADMIN]
2020-01-16 20:09:38.928 DEBUG 1704 --- [restartedMain] org.hibernate.SQL                        : select privileges0_.role_id as role_id1_11_0_, privileges0_.priv_id as priv_id2_11_0_, privilege1_.id as id1_1_1_, privilege1_.created_at as created_2_1_1_, privilege1_.updated_at as updated_3_1_1_, privilege1_.name as name4_1_1_ from roles_privileges privileges0_ inner join app_privileges privilege1_ on privileges0_.priv_id=privilege1_.id where privileges0_.role_id=?
2020-01-16 20:09:38.929 TRACE 1704 --- [restartedMain] o.h.type.descriptor.sql.BasicBinder      : binding parameter [1] as [BIGINT] - [3]
2020-01-16 20:09:38.931 DEBUG 1704 --- [restartedMain] org.hibernate.SQL                        : select roles0_.priv_id as priv_id2_11_0_, roles0_.role_id as role_id1_11_0_, role1_.id as id1_2_1_, role1_.created_at as created_2_2_1_, role1_.updated_at as updated_3_2_1_, role1_.name as name4_2_1_ from roles_privileges roles0_ inner join app_roles role1_ on roles0_.role_id=role1_.id where roles0_.priv_id=?
2020-01-16 20:09:38.932 TRACE 1704 --- [restartedMain] o.h.type.descriptor.sql.BasicBinder      : binding parameter [1] as [BIGINT] - [3]
2020-01-16 20:09:38.934 DEBUG 1704 --- [restartedMain] org.hibernate.SQL                        : select privileges0_.role_id as role_id1_11_0_, privileges0_.priv_id as priv_id2_11_0_, privilege1_.id as id1_1_1_, privilege1_.created_at as created_2_1_1_, privilege1_.updated_at as updated_3_1_1_, privilege1_.name as name4_1_1_ from roles_privileges privileges0_ inner join app_privileges privilege1_ on privileges0_.priv_id=privilege1_.id where privileges0_.role_id=?
2020-01-16 20:09:38.934 TRACE 1704 --- [restartedMain] o.h.type.descriptor.sql.BasicBinder      : binding parameter [1] as [BIGINT] - [2]
2020-01-16 20:09:38.935 DEBUG 1704 --- [restartedMain] org.hibernate.SQL                        : select roles0_.priv_id as priv_id2_11_0_, roles0_.role_id as role_id1_11_0_, role1_.id as id1_2_1_, role1_.created_at as created_2_2_1_, role1_.updated_at as updated_3_2_1_, role1_.name as name4_2_1_ from roles_privileges roles0_ inner join app_roles role1_ on roles0_.role_id=role1_.id where roles0_.priv_id=?
2020-01-16 20:09:38.936 TRACE 1704 --- [restartedMain] o.h.type.descriptor.sql.BasicBinder      : binding parameter [1] as [BIGINT] - [2]
2020-01-16 20:09:38.937 DEBUG 1704 --- [restartedMain] org.hibernate.SQL                        : select roles0_.priv_id as priv_id2_11_0_, roles0_.role_id as role_id1_11_0_, role1_.id as id1_2_1_, role1_.created_at as created_2_2_1_, role1_.updated_at as updated_3_2_1_, role1_.name as name4_2_1_ from roles_privileges roles0_ inner join app_roles role1_ on roles0_.role_id=role1_.id where roles0_.priv_id=?
2020-01-16 20:09:38.938 TRACE 1704 --- [restartedMain] o.h.type.descriptor.sql.BasicBinder      : binding parameter [1] as [BIGINT] - [1]
2020-01-16 20:09:38.940 DEBUG 1704 --- [restartedMain] org.hibernate.SQL                        : select privileges0_.role_id as role_id1_11_0_, privileges0_.priv_id as priv_id2_11_0_, privilege1_.id as id1_1_1_, privilege1_.created_at as created_2_1_1_, privilege1_.updated_at as updated_3_1_1_, privilege1_.name as name4_1_1_ from roles_privileges privileges0_ inner join app_privileges privilege1_ on privileges0_.priv_id=privilege1_.id where privileges0_.role_id=?
2020-01-16 20:09:38.940 TRACE 1704 --- [restartedMain] o.h.type.descriptor.sql.BasicBinder      : binding parameter [1] as [BIGINT] - [1]
2020-01-16 20:09:38.942  INFO 1704 --- [restartedMain] c.t.service.impl.RoleServiceImpl         : Creating Role
2020-01-16 20:09:38.942  INFO 1704 --- [restartedMain] c.t.service.impl.RoleServiceImpl         : Role with name SUPER_ADMIN already exist. Nothing will be done. 
2020-01-16 20:09:38.944 DEBUG 1704 --- [restartedMain] org.hibernate.SQL                        : select role0_.id as id1_2_, role0_.created_at as created_2_2_, role0_.updated_at as updated_3_2_, role0_.name as name4_2_ from app_roles role0_ where role0_.name=?
2020-01-16 20:09:38.944 TRACE 1704 --- [restartedMain] o.h.type.descriptor.sql.BasicBinder      : binding parameter [1] as [VARCHAR] - [USER]
2020-01-16 20:09:38.946 DEBUG 1704 --- [restartedMain] org.hibernate.SQL                        : select privileges0_.role_id as role_id1_11_0_, privileges0_.priv_id as priv_id2_11_0_, privilege1_.id as id1_1_1_, privilege1_.created_at as created_2_1_1_, privilege1_.updated_at as updated_3_1_1_, privilege1_.name as name4_1_1_ from roles_privileges privileges0_ inner join app_privileges privilege1_ on privileges0_.priv_id=privilege1_.id where privileges0_.role_id=?
2020-01-16 20:09:38.947 TRACE 1704 --- [restartedMain] o.h.type.descriptor.sql.BasicBinder      : binding parameter [1] as [BIGINT] - [1]
2020-01-16 20:09:38.948 DEBUG 1704 --- [restartedMain] org.hibernate.SQL                        : select roles0_.priv_id as priv_id2_11_0_, roles0_.role_id as role_id1_11_0_, role1_.id as id1_2_1_, role1_.created_at as created_2_2_1_, role1_.updated_at as updated_3_2_1_, role1_.name as name4_2_1_ from roles_privileges roles0_ inner join app_roles role1_ on roles0_.role_id=role1_.id where roles0_.priv_id=?
2020-01-16 20:09:38.949 TRACE 1704 --- [restartedMain] o.h.type.descriptor.sql.BasicBinder      : binding parameter [1] as [BIGINT] - [1]
2020-01-16 20:09:38.958 DEBUG 1704 --- [restartedMain] org.hibernate.SQL                        : select privileges0_.role_id as role_id1_11_0_, privileges0_.priv_id as priv_id2_11_0_, privilege1_.id as id1_1_1_, privilege1_.created_at as created_2_1_1_, privilege1_.updated_at as updated_3_1_1_, privilege1_.name as name4_1_1_ from roles_privileges privileges0_ inner join app_privileges privilege1_ on privileges0_.priv_id=privilege1_.id where privileges0_.role_id=?
2020-01-16 20:09:38.959 TRACE 1704 --- [restartedMain] o.h.type.descriptor.sql.BasicBinder      : binding parameter [1] as [BIGINT] - [3]
2020-01-16 20:09:38.965 DEBUG 1704 --- [restartedMain] org.hibernate.SQL                        : select roles0_.priv_id as priv_id2_11_0_, roles0_.role_id as role_id1_11_0_, role1_.id as id1_2_1_, role1_.created_at as created_2_2_1_, role1_.updated_at as updated_3_2_1_, role1_.name as name4_2_1_ from roles_privileges roles0_ inner join app_roles role1_ on roles0_.role_id=role1_.id where roles0_.priv_id=?
2020-01-16 20:09:38.966 TRACE 1704 --- [restartedMain] o.h.type.descriptor.sql.BasicBinder      : binding parameter [1] as [BIGINT] - [3]
2020-01-16 20:09:38.968 DEBUG 1704 --- [restartedMain] org.hibernate.SQL                        : select roles0_.priv_id as priv_id2_11_0_, roles0_.role_id as role_id1_11_0_, role1_.id as id1_2_1_, role1_.created_at as created_2_2_1_, role1_.updated_at as updated_3_2_1_, role1_.name as name4_2_1_ from roles_privileges roles0_ inner join app_roles role1_ on roles0_.role_id=role1_.id where roles0_.priv_id=?
2020-01-16 20:09:38.968 TRACE 1704 --- [restartedMain] o.h.type.descriptor.sql.BasicBinder      : binding parameter [1] as [BIGINT] - [2]
2020-01-16 20:09:38.973 DEBUG 1704 --- [restartedMain] org.hibernate.SQL                        : select privileges0_.role_id as role_id1_11_0_, privileges0_.priv_id as priv_id2_11_0_, privilege1_.id as id1_1_1_, privilege1_.created_at as created_2_1_1_, privilege1_.updated_at as updated_3_1_1_, privilege1_.name as name4_1_1_ from roles_privileges privileges0_ inner join app_privileges privilege1_ on privileges0_.priv_id=privilege1_.id where privileges0_.role_id=?
2020-01-16 20:09:38.974 TRACE 1704 --- [restartedMain] o.h.type.descriptor.sql.BasicBinder      : binding parameter [1] as [BIGINT] - [2]
2020-01-16 20:09:38.977 DEBUG 1704 --- [restartedMain] org.hibernate.SQL                        : select role0_.id as id1_2_, role0_.created_at as created_2_2_, role0_.updated_at as updated_3_2_, role0_.name as name4_2_ from app_roles role0_ where role0_.name=?
2020-01-16 20:09:38.979 TRACE 1704 --- [restartedMain] o.h.type.descriptor.sql.BasicBinder      : binding parameter [1] as [VARCHAR] - [USER]
2020-01-16 20:09:38.981 DEBUG 1704 --- [restartedMain] org.hibernate.SQL                        : select privileges0_.role_id as role_id1_11_0_, privileges0_.priv_id as priv_id2_11_0_, privilege1_.id as id1_1_1_, privilege1_.created_at as created_2_1_1_, privilege1_.updated_at as updated_3_1_1_, privilege1_.name as name4_1_1_ from roles_privileges privileges0_ inner join app_privileges privilege1_ on privileges0_.priv_id=privilege1_.id where privileges0_.role_id=?
2020-01-16 20:09:38.981 TRACE 1704 --- [restartedMain] o.h.type.descriptor.sql.BasicBinder      : binding parameter [1] as [BIGINT] - [1]
2020-01-16 20:09:38.985 DEBUG 1704 --- [restartedMain] org.hibernate.SQL                        : select roles0_.priv_id as priv_id2_11_0_, roles0_.role_id as role_id1_11_0_, role1_.id as id1_2_1_, role1_.created_at as created_2_2_1_, role1_.updated_at as updated_3_2_1_, role1_.name as name4_2_1_ from roles_privileges roles0_ inner join app_roles role1_ on roles0_.role_id=role1_.id where roles0_.priv_id=?
2020-01-16 20:09:38.985 TRACE 1704 --- [restartedMain] o.h.type.descriptor.sql.BasicBinder      : binding parameter [1] as [BIGINT] - [1]
2020-01-16 20:09:38.989 DEBUG 1704 --- [restartedMain] org.hibernate.SQL                        : select privileges0_.role_id as role_id1_11_0_, privileges0_.priv_id as priv_id2_11_0_, privilege1_.id as id1_1_1_, privilege1_.created_at as created_2_1_1_, privilege1_.updated_at as updated_3_1_1_, privilege1_.name as name4_1_1_ from roles_privileges privileges0_ inner join app_privileges privilege1_ on privileges0_.priv_id=privilege1_.id where privileges0_.role_id=?
2020-01-16 20:09:38.989 TRACE 1704 --- [restartedMain] o.h.type.descriptor.sql.BasicBinder      : binding parameter [1] as [BIGINT] - [3]
2020-01-16 20:09:38.991 DEBUG 1704 --- [restartedMain] org.hibernate.SQL                        : select roles0_.priv_id as priv_id2_11_0_, roles0_.role_id as role_id1_11_0_, role1_.id as id1_2_1_, role1_.created_at as created_2_2_1_, role1_.updated_at as updated_3_2_1_, role1_.name as name4_2_1_ from roles_privileges roles0_ inner join app_roles role1_ on roles0_.role_id=role1_.id where roles0_.priv_id=?
2020-01-16 20:09:38.991 TRACE 1704 --- [restartedMain] o.h.type.descriptor.sql.BasicBinder      : binding parameter [1] as [BIGINT] - [3]
2020-01-16 20:09:38.992 DEBUG 1704 --- [restartedMain] org.hibernate.SQL                        : select roles0_.priv_id as priv_id2_11_0_, roles0_.role_id as role_id1_11_0_, role1_.id as id1_2_1_, role1_.created_at as created_2_2_1_, role1_.updated_at as updated_3_2_1_, role1_.name as name4_2_1_ from roles_privileges roles0_ inner join app_roles role1_ on roles0_.role_id=role1_.id where roles0_.priv_id=?
2020-01-16 20:09:38.993 TRACE 1704 --- [restartedMain] o.h.type.descriptor.sql.BasicBinder      : binding parameter [1] as [BIGINT] - [2]
2020-01-16 20:09:38.994 DEBUG 1704 --- [restartedMain] org.hibernate.SQL                        : select privileges0_.role_id as role_id1_11_0_, privileges0_.priv_id as priv_id2_11_0_, privilege1_.id as id1_1_1_, privilege1_.created_at as created_2_1_1_, privilege1_.updated_at as updated_3_1_1_, privilege1_.name as name4_1_1_ from roles_privileges privileges0_ inner join app_privileges privilege1_ on privileges0_.priv_id=privilege1_.id where privileges0_.role_id=?
2020-01-16 20:09:38.995 TRACE 1704 --- [restartedMain] o.h.type.descriptor.sql.BasicBinder      : binding parameter [1] as [BIGINT] - [2]
2020-01-16 20:09:38.996  INFO 1704 --- [restartedMain] c.techieonthenet.service.InitDBService   : User Role - com.techieonthenet.entity.Role@1c2fa8ff
2020-01-16 20:09:38.997 DEBUG 1704 --- [restartedMain] org.hibernate.SQL                        : select role0_.id as id1_2_, role0_.created_at as created_2_2_, role0_.updated_at as updated_3_2_, role0_.name as name4_2_ from app_roles role0_ where role0_.name=?
2020-01-16 20:09:38.998 TRACE 1704 --- [restartedMain] o.h.type.descriptor.sql.BasicBinder      : binding parameter [1] as [VARCHAR] - [USER]
2020-01-16 20:09:39.000 DEBUG 1704 --- [restartedMain] org.hibernate.SQL                        : select privileges0_.role_id as role_id1_11_0_, privileges0_.priv_id as priv_id2_11_0_, privilege1_.id as id1_1_1_, privilege1_.created_at as created_2_1_1_, privilege1_.updated_at as updated_3_1_1_, privilege1_.name as name4_1_1_ from roles_privileges privileges0_ inner join app_privileges privilege1_ on privileges0_.priv_id=privilege1_.id where privileges0_.role_id=?
2020-01-16 20:09:39.001 TRACE 1704 --- [restartedMain] o.h.type.descriptor.sql.BasicBinder      : binding parameter [1] as [BIGINT] - [1]
2020-01-16 20:09:39.003 DEBUG 1704 --- [restartedMain] org.hibernate.SQL                        : select roles0_.priv_id as priv_id2_11_0_, roles0_.role_id as role_id1_11_0_, role1_.id as id1_2_1_, role1_.created_at as created_2_2_1_, role1_.updated_at as updated_3_2_1_, role1_.name as name4_2_1_ from roles_privileges roles0_ inner join app_roles role1_ on roles0_.role_id=role1_.id where roles0_.priv_id=?
2020-01-16 20:09:39.003 TRACE 1704 --- [restartedMain] o.h.type.descriptor.sql.BasicBinder      : binding parameter [1] as [BIGINT] - [1]
2020-01-16 20:09:39.006 DEBUG 1704 --- [restartedMain] org.hibernate.SQL                        : select privileges0_.role_id as role_id1_11_0_, privileges0_.priv_id as priv_id2_11_0_, privilege1_.id as id1_1_1_, privilege1_.created_at as created_2_1_1_, privilege1_.updated_at as updated_3_1_1_, privilege1_.name as name4_1_1_ from roles_privileges privileges0_ inner join app_privileges privilege1_ on privileges0_.priv_id=privilege1_.id where privileges0_.role_id=?
2020-01-16 20:09:39.007 TRACE 1704 --- [restartedMain] o.h.type.descriptor.sql.BasicBinder      : binding parameter [1] as [BIGINT] - [3]
2020-01-16 20:09:39.008 DEBUG 1704 --- [restartedMain] org.hibernate.SQL                        : select roles0_.priv_id as priv_id2_11_0_, roles0_.role_id as role_id1_11_0_, role1_.id as id1_2_1_, role1_.created_at as created_2_2_1_, role1_.updated_at as updated_3_2_1_, role1_.name as name4_2_1_ from roles_privileges roles0_ inner join app_roles role1_ on roles0_.role_id=role1_.id where roles0_.priv_id=?
2020-01-16 20:09:39.009 TRACE 1704 --- [restartedMain] o.h.type.descriptor.sql.BasicBinder      : binding parameter [1] as [BIGINT] - [3]
2020-01-16 20:09:39.011 DEBUG 1704 --- [restartedMain] org.hibernate.SQL                        : select roles0_.priv_id as priv_id2_11_0_, roles0_.role_id as role_id1_11_0_, role1_.id as id1_2_1_, role1_.created_at as created_2_2_1_, role1_.updated_at as updated_3_2_1_, role1_.name as name4_2_1_ from roles_privileges roles0_ inner join app_roles role1_ on roles0_.role_id=role1_.id where roles0_.priv_id=?
2020-01-16 20:09:39.012 TRACE 1704 --- [restartedMain] o.h.type.descriptor.sql.BasicBinder      : binding parameter [1] as [BIGINT] - [2]
2020-01-16 20:09:39.013 DEBUG 1704 --- [restartedMain] org.hibernate.SQL                        : select privileges0_.role_id as role_id1_11_0_, privileges0_.priv_id as priv_id2_11_0_, privilege1_.id as id1_1_1_, privilege1_.created_at as created_2_1_1_, privilege1_.updated_at as updated_3_1_1_, privilege1_.name as name4_1_1_ from roles_privileges privileges0_ inner join app_privileges privilege1_ on privileges0_.priv_id=privilege1_.id where privileges0_.role_id=?
2020-01-16 20:09:39.013 TRACE 1704 --- [restartedMain] o.h.type.descriptor.sql.BasicBinder      : binding parameter [1] as [BIGINT] - [2]
2020-01-16 20:09:39.015 DEBUG 1704 --- [restartedMain] org.hibernate.SQL                        : select role0_.id as id1_2_, role0_.created_at as created_2_2_, role0_.updated_at as updated_3_2_, role0_.name as name4_2_ from app_roles role0_ where role0_.name=?
2020-01-16 20:09:39.016 TRACE 1704 --- [restartedMain] o.h.type.descriptor.sql.BasicBinder      : binding parameter [1] as [VARCHAR] - [USER]
2020-01-16 20:09:39.017 DEBUG 1704 --- [restartedMain] org.hibernate.SQL                        : select privileges0_.role_id as role_id1_11_0_, privileges0_.priv_id as priv_id2_11_0_, privilege1_.id as id1_1_1_, privilege1_.created_at as created_2_1_1_, privilege1_.updated_at as updated_3_1_1_, privilege1_.name as name4_1_1_ from roles_privileges privileges0_ inner join app_privileges privilege1_ on privileges0_.priv_id=privilege1_.id where privileges0_.role_id=?
2020-01-16 20:09:39.017 TRACE 1704 --- [restartedMain] o.h.type.descriptor.sql.BasicBinder      : binding parameter [1] as [BIGINT] - [1]
2020-01-16 20:09:39.019 DEBUG 1704 --- [restartedMain] org.hibernate.SQL                        : select roles0_.priv_id as priv_id2_11_0_, roles0_.role_id as role_id1_11_0_, role1_.id as id1_2_1_, role1_.created_at as created_2_2_1_, role1_.updated_at as updated_3_2_1_, role1_.name as name4_2_1_ from roles_privileges roles0_ inner join app_roles role1_ on roles0_.role_id=role1_.id where roles0_.priv_id=?
2020-01-16 20:09:39.020 TRACE 1704 --- [restartedMain] o.h.type.descriptor.sql.BasicBinder      : binding parameter [1] as [BIGINT] - [1]
2020-01-16 20:09:39.023 DEBUG 1704 --- [restartedMain] org.hibernate.SQL                        : select privileges0_.role_id as role_id1_11_0_, privileges0_.priv_id as priv_id2_11_0_, privilege1_.id as id1_1_1_, privilege1_.created_at as created_2_1_1_, privilege1_.updated_at as updated_3_1_1_, privilege1_.name as name4_1_1_ from roles_privileges privileges0_ inner join app_privileges privilege1_ on privileges0_.priv_id=privilege1_.id where privileges0_.role_id=?
2020-01-16 20:09:39.023 TRACE 1704 --- [restartedMain] o.h.type.descriptor.sql.BasicBinder      : binding parameter [1] as [BIGINT] - [3]
2020-01-16 20:09:39.025 DEBUG 1704 --- [restartedMain] org.hibernate.SQL                        : select roles0_.priv_id as priv_id2_11_0_, roles0_.role_id as role_id1_11_0_, role1_.id as id1_2_1_, role1_.created_at as created_2_2_1_, role1_.updated_at as updated_3_2_1_, role1_.name as name4_2_1_ from roles_privileges roles0_ inner join app_roles role1_ on roles0_.role_id=role1_.id where roles0_.priv_id=?
2020-01-16 20:09:39.025 TRACE 1704 --- [restartedMain] o.h.type.descriptor.sql.BasicBinder      : binding parameter [1] as [BIGINT] - [3]
2020-01-16 20:09:39.027 DEBUG 1704 --- [restartedMain] org.hibernate.SQL                        : select roles0_.priv_id as priv_id2_11_0_, roles0_.role_id as role_id1_11_0_, role1_.id as id1_2_1_, role1_.created_at as created_2_2_1_, role1_.updated_at as updated_3_2_1_, role1_.name as name4_2_1_ from roles_privileges roles0_ inner join app_roles role1_ on roles0_.role_id=role1_.id where roles0_.priv_id=?
2020-01-16 20:09:39.027 TRACE 1704 --- [restartedMain] o.h.type.descriptor.sql.BasicBinder      : binding parameter [1] as [BIGINT] - [2]
2020-01-16 20:09:39.028 DEBUG 1704 --- [restartedMain] org.hibernate.SQL                        : select privileges0_.role_id as role_id1_11_0_, privileges0_.priv_id as priv_id2_11_0_, privilege1_.id as id1_1_1_, privilege1_.created_at as created_2_1_1_, privilege1_.updated_at as updated_3_1_1_, privilege1_.name as name4_1_1_ from roles_privileges privileges0_ inner join app_privileges privilege1_ on privileges0_.priv_id=privilege1_.id where privileges0_.role_id=?
2020-01-16 20:09:39.029 TRACE 1704 --- [restartedMain] o.h.type.descriptor.sql.BasicBinder      : binding parameter [1] as [BIGINT] - [2]
2020-01-16 20:09:39.035 DEBUG 1704 --- [restartedMain] org.hibernate.SQL                        : select user0_.id as id1_3_, user0_.created_at as created_2_3_, user0_.updated_at as updated_3_3_, user0_.approver_type as approver4_3_, user0_.email as email5_3_, user0_.enabled as enabled6_3_, user0_.first_name as first_na7_3_, user0_.group_id as group_i13_3_, user0_.last_name as last_nam8_3_, user0_.password as password9_3_, user0_.password_reset_required as passwor10_3_, user0_.phone as phone11_3_, user0_.username as usernam12_3_ from app_users user0_ where user0_.username=? and user0_.enabled=?
2020-01-16 20:09:39.035 TRACE 1704 --- [restartedMain] o.h.type.descriptor.sql.BasicBinder      : binding parameter [1] as [VARCHAR] - [jadams@gmail.com]
2020-01-16 20:09:39.036 TRACE 1704 --- [restartedMain] o.h.type.descriptor.sql.BasicBinder      : binding parameter [2] as [BOOLEAN] - [true]
2020-01-16 20:09:39.041 DEBUG 1704 --- [restartedMain] org.hibernate.SQL                        : select roles0_.user_id as user_id5_15_0_, roles0_.role_id as role_id4_15_0_, role1_.id as id1_2_1_, role1_.created_at as created_2_2_1_, role1_.updated_at as updated_3_2_1_, role1_.name as name4_2_1_ from users_roles roles0_ inner join app_roles role1_ on roles0_.role_id=role1_.id where roles0_.user_id=?
2020-01-16 20:09:39.043 TRACE 1704 --- [restartedMain] o.h.type.descriptor.sql.BasicBinder      : binding parameter [1] as [BIGINT] - [1]
2020-01-16 20:09:39.046 DEBUG 1704 --- [restartedMain] org.hibernate.SQL                        : select privileges0_.role_id as role_id1_11_0_, privileges0_.priv_id as priv_id2_11_0_, privilege1_.id as id1_1_1_, privilege1_.created_at as created_2_1_1_, privilege1_.updated_at as updated_3_1_1_, privilege1_.name as name4_1_1_ from roles_privileges privileges0_ inner join app_privileges privilege1_ on privileges0_.priv_id=privilege1_.id where privileges0_.role_id=?
2020-01-16 20:09:39.046 TRACE 1704 --- [restartedMain] o.h.type.descriptor.sql.BasicBinder      : binding parameter [1] as [BIGINT] - [1]
2020-01-16 20:09:39.048 DEBUG 1704 --- [restartedMain] org.hibernate.SQL                        : select roles0_.priv_id as priv_id2_11_0_, roles0_.role_id as role_id1_11_0_, role1_.id as id1_2_1_, role1_.created_at as created_2_2_1_, role1_.updated_at as updated_3_2_1_, role1_.name as name4_2_1_ from roles_privileges roles0_ inner join app_roles role1_ on roles0_.role_id=role1_.id where roles0_.priv_id=?
2020-01-16 20:09:39.048 TRACE 1704 --- [restartedMain] o.h.type.descriptor.sql.BasicBinder      : binding parameter [1] as [BIGINT] - [1]
2020-01-16 20:09:39.050 DEBUG 1704 --- [restartedMain] org.hibernate.SQL                        : select privileges0_.role_id as role_id1_11_0_, privileges0_.priv_id as priv_id2_11_0_, privilege1_.id as id1_1_1_, privilege1_.created_at as created_2_1_1_, privilege1_.updated_at as updated_3_1_1_, privilege1_.name as name4_1_1_ from roles_privileges privileges0_ inner join app_privileges privilege1_ on privileges0_.priv_id=privilege1_.id where privileges0_.role_id=?
2020-01-16 20:09:39.050 TRACE 1704 --- [restartedMain] o.h.type.descriptor.sql.BasicBinder      : binding parameter [1] as [BIGINT] - [3]
2020-01-16 20:09:39.053 DEBUG 1704 --- [restartedMain] org.hibernate.SQL                        : select roles0_.priv_id as priv_id2_11_0_, roles0_.role_id as role_id1_11_0_, role1_.id as id1_2_1_, role1_.created_at as created_2_2_1_, role1_.updated_at as updated_3_2_1_, role1_.name as name4_2_1_ from roles_privileges roles0_ inner join app_roles role1_ on roles0_.role_id=role1_.id where roles0_.priv_id=?
2020-01-16 20:09:39.054 TRACE 1704 --- [restartedMain] o.h.type.descriptor.sql.BasicBinder      : binding parameter [1] as [BIGINT] - [3]
2020-01-16 20:09:39.056 DEBUG 1704 --- [restartedMain] org.hibernate.SQL                        : select roles0_.priv_id as priv_id2_11_0_, roles0_.role_id as role_id1_11_0_, role1_.id as id1_2_1_, role1_.created_at as created_2_2_1_, role1_.updated_at as updated_3_2_1_, role1_.name as name4_2_1_ from roles_privileges roles0_ inner join app_roles role1_ on roles0_.role_id=role1_.id where roles0_.priv_id=?
2020-01-16 20:09:39.057 TRACE 1704 --- [restartedMain] o.h.type.descriptor.sql.BasicBinder      : binding parameter [1] as [BIGINT] - [2]
2020-01-16 20:09:39.059 DEBUG 1704 --- [restartedMain] org.hibernate.SQL                        : select privileges0_.role_id as role_id1_11_0_, privileges0_.priv_id as priv_id2_11_0_, privilege1_.id as id1_1_1_, privilege1_.created_at as created_2_1_1_, privilege1_.updated_at as updated_3_1_1_, privilege1_.name as name4_1_1_ from roles_privileges privileges0_ inner join app_privileges privilege1_ on privileges0_.priv_id=privilege1_.id where privileges0_.role_id=?
2020-01-16 20:09:39.059 TRACE 1704 --- [restartedMain] o.h.type.descriptor.sql.BasicBinder      : binding parameter [1] as [BIGINT] - [2]
2020-01-16 20:09:39.061  INFO 1704 --- [restartedMain] com.techieonthenet.service.UserService   : User with username jadams@gmail.com already exist. Nothing will be done. 
2020-01-16 20:09:40.916  INFO 1704 --- [restartedMain] o.s.s.concurrent.ThreadPoolTaskExecutor  : Initializing ExecutorService 'applicationTaskExecutor'
2020-01-16 20:09:41.077  WARN 1704 --- [restartedMain] aWebConfiguration$JpaWebMvcConfiguration : spring.jpa.open-in-view is enabled by default. Therefore, database queries may be performed during view rendering. Explicitly configure spring.jpa.open-in-view to disable this warning
2020-01-16 20:09:42.641  INFO 1704 --- [restartedMain] o.s.s.web.DefaultSecurityFilterChain     : Creating filter chain: any request, [org.springframework.security.web.context.request.async.WebAsyncManagerIntegrationFilter@4175fb25, org.springframework.security.web.context.SecurityContextPersistenceFilter@675f9185, org.springframework.security.web.header.HeaderWriterFilter@6d860c4a, org.springframework.security.web.csrf.CsrfFilter@456294fd, org.springframework.security.web.authentication.logout.LogoutFilter@1fbe40cb, org.springframework.security.web.authentication.UsernamePasswordAuthenticationFilter@28415a17, org.springframework.security.web.savedrequest.RequestCacheAwareFilter@d748778, org.springframework.security.web.servletapi.SecurityContextHolderAwareRequestFilter@6c561573, org.springframework.security.web.authentication.AnonymousAuthenticationFilter@6d13f165, org.springframework.security.web.session.SessionManagementFilter@31cf6b9e, org.springframework.security.web.access.ExceptionTranslationFilter@53dc35b0, org.springframework.security.web.access.intercept.FilterSecurityInterceptor@66aa39e7]
2020-01-16 20:09:43.122  INFO 1704 --- [restartedMain] o.s.b.w.embedded.tomcat.TomcatWebServer  : Tomcat started on port(s): 8080 (http) with context path ''
2020-01-16 20:09:43.129  INFO 1704 --- [restartedMain] com.techieonthenet.BootstrapApp          : Started BootstrapApp in 37.452 seconds (JVM running for 38.944)
2020-01-16 20:09:43.664  INFO 1704 --- [http-nio-8080-exec-1] o.a.c.c.C.[Tomcat].[localhost].[/]       : Initializing Spring DispatcherServlet 'dispatcherServlet'
2020-01-16 20:09:43.665  INFO 1704 --- [http-nio-8080-exec-1] o.s.web.servlet.DispatcherServlet        : Initializing Servlet 'dispatcherServlet'
2020-01-16 20:09:43.714  INFO 1704 --- [http-nio-8080-exec-1] o.s.web.servlet.DispatcherServlet        : Completed initialization in 48 ms
2020-01-16 20:09:43.834  INFO 1704 --- [http-nio-8080-exec-1] c.t.controller.LoginController           : Inside login page
2020-01-16 20:10:01.712  INFO 1704 --- [http-nio-8080-exec-7] c.t.controller.LoginController           : Inside login page
2020-01-16 20:10:01.954  INFO 1704 --- [http-nio-8080-exec-1] c.t.controller.LoginController           : Inside login page
2020-01-16 20:10:13.709  INFO 1704 --- [http-nio-8080-exec-8] c.t.controller.LoginController           : Inside login page
2020-01-16 20:10:56.172  INFO 1704 --- [http-nio-8080-exec-8] c.t.controller.LoginController           : Inside login page
